TN:
SF:/home/rod/projects/github/feathers-version-checker/lib/version_checker/check-unmatch-version.js
FN:3,checkUnmatchVersion
FN:5,(anonymous_1)
FN:6,(anonymous_2)
FNF:3
FNH:2
FNDA:1,checkUnmatchVersion
FNDA:3,(anonymous_1)
FNDA:0,(anonymous_2)
DA:3,1
DA:4,1
DA:5,3
DA:6,1
DA:7,0
DA:10,0
DA:11,0
DA:23,0
DA:24,0
DA:36,0
DA:37,0
DA:48,0
LF:12
LH:4
BRDA:10,0,0,0
BRDA:10,0,1,0
BRDA:23,1,0,0
BRDA:23,1,1,0
BRDA:36,2,0,0
BRDA:36,2,1,0
BRF:6
BRH:0
end_of_record
TN:
SF:/home/rod/projects/github/feathers-version-checker/lib/version_checker/index.js
FN:5,checkVersion
FNF:1
FNH:1
FNDA:1,checkVersion
DA:1,1
DA:2,1
DA:3,1
DA:5,1
DA:6,1
DA:7,0
DA:13,1
DA:15,0
DA:16,0
DA:22,0
DA:23,0
DA:29,0
LF:12
LH:6
BRDA:5,0,0,0
BRDA:6,1,0,0
BRDA:6,1,1,1
BRDA:15,2,0,0
BRDA:15,2,1,0
BRDA:22,3,0,0
BRDA:22,3,1,0
BRF:7
BRH:1
end_of_record
TN:
SF:/home/rod/projects/github/feathers-version-checker/lib/version_checker/is-update-needed.js
FN:1,isUpdateNeeded
FNF:1
FNH:0
FNDA:0,isUpdateNeeded
DA:1,1
DA:2,0
DA:3,0
DA:5,0
DA:6,0
DA:7,0
DA:9,0
DA:10,0
DA:12,0
DA:13,0
DA:14,0
DA:15,0
DA:21,0
DA:22,0
DA:28,0
LF:15
LH:1
BRDA:6,0,0,0
BRDA:6,0,1,0
BRDA:6,1,0,0
BRDA:6,1,1,0
BRDA:9,2,0,0
BRDA:9,2,1,0
BRDA:9,3,0,0
BRDA:9,3,1,0
BRDA:12,4,0,0
BRDA:12,4,1,0
BRDA:12,5,0,0
BRDA:12,5,1,0
BRDA:14,6,0,0
BRDA:14,6,1,0
BRDA:21,7,0,0
BRDA:21,7,1,0
BRDA:21,8,0,0
BRDA:21,8,1,0
BRF:18
BRH:0
end_of_record
TN:
SF:/home/rod/projects/github/feathers-version-checker/lib/version_checker/validation.js
FN:3,validation
FN:25,(anonymous_1)
FNF:2
FNH:0
FNDA:0,validation
FNDA:0,(anonymous_1)
DA:1,1
DA:3,1
DA:5,0
DA:6,0
DA:22,0
DA:23,0
DA:25,0
DA:27,0
DA:28,0
DA:31,0
DA:33,0
DA:37,0
DA:39,0
DA:40,0
DA:48,0
DA:49,0
DA:57,0
LF:17
LH:2
BRDA:27,0,0,0
BRDA:27,0,1,0
BRDA:31,1,0,0
BRDA:31,1,1,0
BRDA:31,2,0,0
BRDA:31,2,1,0
BRDA:37,3,0,0
BRDA:37,3,1,0
BRDA:37,4,0,0
BRDA:37,4,1,0
BRDA:39,5,0,0
BRDA:39,5,1,0
BRDA:48,6,0,0
BRDA:48,6,1,0
BRDA:53,7,0,0
BRDA:53,7,1,0
BRF:16
BRH:0
end_of_record
TN:
SF:/home/rod/projects/github/feathers-version-checker/test/version_checker/empty-object.js
FN:3,validation1
FN:4,(anonymous_1)
FNF:2
FNH:1
FNDA:1,validation1
FNDA:0,(anonymous_1)
DA:1,1
DA:3,1
DA:4,1
DA:5,0
DA:7,0
DA:8,0
LF:6
LH:3
BRF:0
BRH:0
end_of_record
TN:
SF:/home/rod/projects/github/feathers-version-checker/test/version_checker/index.js
FN:5,versionChecker
FN:6,(anonymous_1)
FNF:2
FNH:2
FNDA:1,versionChecker
FNDA:1,(anonymous_1)
DA:1,1
DA:2,1
DA:3,1
DA:5,1
DA:6,1
DA:7,1
DA:8,1
DA:9,1
LF:8
LH:8
BRF:0
BRH:0
end_of_record
TN:
SF:/home/rod/projects/github/feathers-version-checker/test/version_checker/unmatched-version.js
FN:3,validation1
FN:4,(anonymous_1)
FNF:2
FNH:1
FNDA:1,validation1
FNDA:0,(anonymous_1)
DA:1,1
DA:3,1
DA:4,1
DA:5,0
DA:8,0
LF:5
LH:3
BRF:0
BRH:0
end_of_record
TN:
SF:/home/rod/projects/github/feathers-version-checker/test/version_checker/validations.js
FN:3,Validations
FN:4,(anonymous_1)
FN:5,(anonymous_2)
FNF:3
FNH:3
FNDA:1,Validations
FNDA:1,(anonymous_1)
FNDA:1,(anonymous_2)
DA:1,1
DA:3,1
DA:4,1
DA:5,1
DA:6,1
DA:9,1
DA:11,0
DA:12,0
LF:8
LH:6
BRF:0
BRH:0
end_of_record
